CRITICAL - 2023-10-02 07:49:04 --> Undefined variable $year
in APPPATH\Views\v_geojson.php on line 548.
 1 APPPATH\Views\v_geojson.php(548): CodeIgniter\Debug\Exceptions->errorHandler(2, 'Undefined variable $year', 'C:\\wamp64\\www\\belajar-gis-dasar-ci4\\app\\Views\\v_geojson.php', 548)
 2 SYSTEMPATH\View\View.php(224): include('C:\\wamp64\\www\\belajar-gis-dasar-ci4\\app\\Views\\v_geojson.php')
 3 SYSTEMPATH\View\View.php(227): CodeIgniter\View\View->CodeIgniter\View\{closure}()
 4 SYSTEMPATH\Common.php(1176): CodeIgniter\View\View->render('v_geojson', [], true)
 5 APPPATH\Views\v_template.php(39): view('v_geojson')
 6 SYSTEMPATH\View\View.php(224): include('C:\\wamp64\\www\\belajar-gis-dasar-ci4\\app\\Views\\v_template.php')
 7 SYSTEMPATH\View\View.php(227): CodeIgniter\View\View->CodeIgniter\View\{closure}()
 8 SYSTEMPATH\Common.php(1176): CodeIgniter\View\View->render('v_template', [], true)
 9 APPPATH\Controllers\Home.php(54): view('v_template', [...])
10 SYSTEMPATH\CodeIgniter.php(932): App\Controllers\Home->geojson()
11 SYSTEMPATH\CodeIgniter.php(497): CodeIgniter\CodeIgniter->runController(Object(App\Controllers\Home))
12 SYSTEMPATH\CodeIgniter.php(366): CodeIgniter\CodeIgniter->handleRequest(null, Object(Config\Cache), false)
13 FCPATH\index.php(67): CodeIgniter\CodeIgniter->run()
CRITICAL - 2023-10-02 07:50:01 --> Undefined variable $year
in APPPATH\Views\v_geojson.php on line 9.
 1 APPPATH\Views\v_geojson.php(9): CodeIgniter\Debug\Exceptions->errorHandler(2, 'Undefined variable $year', 'C:\\wamp64\\www\\belajar-gis-dasar-ci4\\app\\Views\\v_geojson.php', 9)
 2 SYSTEMPATH\View\View.php(224): include('C:\\wamp64\\www\\belajar-gis-dasar-ci4\\app\\Views\\v_geojson.php')
 3 SYSTEMPATH\View\View.php(227): CodeIgniter\View\View->CodeIgniter\View\{closure}()
 4 SYSTEMPATH\Common.php(1176): CodeIgniter\View\View->render('v_geojson', [], true)
 5 APPPATH\Views\v_template.php(39): view('v_geojson')
 6 SYSTEMPATH\View\View.php(224): include('C:\\wamp64\\www\\belajar-gis-dasar-ci4\\app\\Views\\v_template.php')
 7 SYSTEMPATH\View\View.php(227): CodeIgniter\View\View->CodeIgniter\View\{closure}()
 8 SYSTEMPATH\Common.php(1176): CodeIgniter\View\View->render('v_template', [], true)
 9 APPPATH\Controllers\Home.php(54): view('v_template', [...])
10 SYSTEMPATH\CodeIgniter.php(932): App\Controllers\Home->geojson()
11 SYSTEMPATH\CodeIgniter.php(497): CodeIgniter\CodeIgniter->runController(Object(App\Controllers\Home))
12 SYSTEMPATH\CodeIgniter.php(366): CodeIgniter\CodeIgniter->handleRequest(null, Object(Config\Cache), false)
13 FCPATH\index.php(67): CodeIgniter\CodeIgniter->run()
